[    1460ms] [INFO] %cDownload the React DevTools for a better development experience: https://reactjs.org/link/react-devtools font-weight:bold @ http://localhost:4200/node_modules/.vite/deps/chunk-CMSQVTYY.js?v=9c3485ab:21608
[    1515ms] [ERROR] Warning: validateDOMNesting(...): %s cannot appear as a descendant of <%s>.%s <button> button 
    at button
    at button
    at div
    at div
    at aside
    at LeftDrawer (http://localhost:4200/src/components/LeftDrawer.tsx:25:3)
    at div
    at App (http://localhost:4200/src/App.tsx:63:7) @ http://localhost:4200/node_modules/.vite/deps/chunk-CMSQVTYY.js?v=9c3485ab:520
[    1575ms] [ERROR] Failed to load resource: the server responded with a status of 404 (Not Found) @ http://localhost:4200/favicon.ico:0
[    1740ms] [WARNING] An iframe which has both allow-scripts and allow-same-origin for its sandbox attribute can escape its sandboxing. @ http://localhost:4200/screens/record_screen_spec.html?dir=..%2F..%2Fdocs%2Fmoneykitty%2Fdesign%2Fgolden%2F:0
[    1805ms] [ERROR] Failed to load resource: the server responded with a status of 404 (Not Found) @ http://localhost:4200/screens/record_screen_spec_spec.html?dir=..%2F..%2Fdocs%2Fmoneykitty%2Fdesign%2Fgolden%2F:0
[    1805ms] [ERROR] Failed to load resource: the server responded with a status of 404 (Not Found) @ http://localhost:4200/screens/record_screen_spec_spec.html?dir=..%2F..%2Fdocs%2Fmoneykitty%2Fdesign%2Fgolden%2F:0
[    1805ms] [ERROR] Failed to load resource: the server responded with a status of 404 (Not Found) @ http://localhost:4200/screens/transaction_list_screen_spec_spec.html?dir=..%2F..%2Fdocs%2Fmoneykitty%2Fdesign%2Fgolden%2F:0
[    1806ms] [ERROR] Failed to load resource: the server responded with a status of 404 (Not Found) @ http://localhost:4200/screens/transaction_list_screen_spec_spec.html?dir=..%2F..%2Fdocs%2Fmoneykitty%2Fdesign%2Fgolden%2F:0
[    1806ms] [ERROR] Failed to load resource: the server responded with a status of 404 (Not Found) @ http://localhost:4200/screens/add_transaction_screen_spec_spec.html?dir=..%2F..%2Fdocs%2Fmoneykitty%2Fdesign%2Fgolden%2F:0
[    1806ms] [ERROR] Failed to load resource: the server responded with a status of 404 (Not Found) @ http://localhost:4200/screens/add_transaction_screen_spec_spec.html?dir=..%2F..%2Fdocs%2Fmoneykitty%2Fdesign%2Fgolden%2F:0
[    1807ms] [ERROR] Failed to load resource: the server responded with a status of 404 (Not Found) @ http://localhost:4200/screens/wizard_add_transaction_screen_spec_spec.html?dir=..%2F..%2Fdocs%2Fmoneykitty%2Fdesign%2Fgolden%2F:0
[    1807ms] [ERROR] Failed to load resource: the server responded with a status of 404 (Not Found) @ http://localhost:4200/screens/wizard_add_transaction_screen_spec_spec.html?dir=..%2F..%2Fdocs%2Fmoneykitty%2Fdesign%2Fgolden%2F:0
[    1808ms] [ERROR] Failed to load resource: the server responded with a status of 404 (Not Found) @ http://localhost:4200/screens/bills_screen_spec_spec.html?dir=..%2F..%2Fdocs%2Fmoneykitty%2Fdesign%2Fgolden%2F:0
[    1809ms] [ERROR] Failed to load resource: the server responded with a status of 404 (Not Found) @ http://localhost:4200/screens/bills_screen_spec_spec.html?dir=..%2F..%2Fdocs%2Fmoneykitty%2Fdesign%2Fgolden%2F:0
[    1809ms] [ERROR] Failed to load resource: the server responded with a status of 404 (Not Found) @ http://localhost:4200/screens/report_screen_spec_spec.html?dir=..%2F..%2Fdocs%2Fmoneykitty%2Fdesign%2Fgolden%2F:0
[    1809ms] [ERROR] Failed to load resource: the server responded with a status of 404 (Not Found) @ http://localhost:4200/screens/report_screen_spec_spec.html?dir=..%2F..%2Fdocs%2Fmoneykitty%2Fdesign%2Fgolden%2F:0
[    1810ms] [ERROR] Failed to load resource: the server responded with a status of 404 (Not Found) @ http://localhost:4200/screens/assets_screen_spec_spec.html?dir=..%2F..%2Fdocs%2Fmoneykitty%2Fdesign%2Fgolden%2F:0
[    1810ms] [ERROR] Failed to load resource: the server responded with a status of 404 (Not Found) @ http://localhost:4200/screens/assets_screen_spec_spec.html?dir=..%2F..%2Fdocs%2Fmoneykitty%2Fdesign%2Fgolden%2F:0
[    1810ms] [ERROR] Failed to load resource: the server responded with a status of 404 (Not Found) @ http://localhost:4200/screens/category_manager_screen_spec_spec.html?dir=..%2F..%2Fdocs%2Fmoneykitty%2Fdesign%2Fgolden%2F:0
[    1811ms] [ERROR] Failed to load resource: the server responded with a status of 404 (Not Found) @ http://localhost:4200/screens/add_category_screen_spec_spec.html?dir=..%2F..%2Fdocs%2Fmoneykitty%2Fdesign%2Fgolden%2F:0
[    1811ms] [ERROR] Failed to load resource: the server responded with a status of 404 (Not Found) @ http://localhost:4200/screens/category_manager_screen_spec_spec.html?dir=..%2F..%2Fdocs%2Fmoneykitty%2Fdesign%2Fgolden%2F:0
[    1811ms] [ERROR] Failed to load resource: the server responded with a status of 404 (Not Found) @ http://localhost:4200/screens/pocket_manager_screen_spec_spec.html?dir=..%2F..%2Fdocs%2Fmoneykitty%2Fdesign%2Fgolden%2F:0
[    1812ms] [ERROR] Failed to load resource: the server responded with a status of 404 (Not Found) @ http://localhost:4200/screens/add_category_screen_spec_spec.html?dir=..%2F..%2Fdocs%2Fmoneykitty%2Fdesign%2Fgolden%2F:0
[    1812ms] [ERROR] Failed to load resource: the server responded with a status of 404 (Not Found) @ http://localhost:4200/screens/add_pocket_screen_spec_spec.html?dir=..%2F..%2Fdocs%2Fmoneykitty%2Fdesign%2Fgolden%2F:0
[    1812ms] [ERROR] Failed to load resource: the server responded with a status of 404 (Not Found) @ http://localhost:4200/screens/pocket_manager_screen_spec_spec.html?dir=..%2F..%2Fdocs%2Fmoneykitty%2Fdesign%2Fgolden%2F:0
[    1813ms] [ERROR] Failed to load resource: the server responded with a status of 404 (Not Found) @ http://localhost:4200/screens/ledger_manager_screen_spec_spec.html?dir=..%2F..%2Fdocs%2Fmoneykitty%2Fdesign%2Fgolden%2F:0
[    1813ms] [ERROR] Failed to load resource: the server responded with a status of 404 (Not Found) @ http://localhost:4200/screens/add_pocket_screen_spec_spec.html?dir=..%2F..%2Fdocs%2Fmoneykitty%2Fdesign%2Fgolden%2F:0
[    1814ms] [ERROR] Failed to load resource: the server responded with a status of 404 (Not Found) @ http://localhost:4200/screens/add_ledger_screen_spec_spec.html?dir=..%2F..%2Fdocs%2Fmoneykitty%2Fdesign%2Fgolden%2F:0
[    1814ms] [ERROR] Failed to load resource: the server responded with a status of 404 (Not Found) @ http://localhost:4200/screens/ledger_manager_screen_spec_spec.html?dir=..%2F..%2Fdocs%2Fmoneykitty%2Fdesign%2Fgolden%2F:0
[    1814ms] [ERROR] Failed to load resource: the server responded with a status of 404 (Not Found) @ http://localhost:4200/screens/settings_screen_spec_spec.html?dir=..%2F..%2Fdocs%2Fmoneykitty%2Fdesign%2Fgolden%2F:0
[    1815ms] [ERROR] Failed to load resource: the server responded with a status of 404 (Not Found) @ http://localhost:4200/screens/add_ledger_screen_spec_spec.html?dir=..%2F..%2Fdocs%2Fmoneykitty%2Fdesign%2Fgolden%2F:0
[    1815ms] [ERROR] Failed to load resource: the server responded with a status of 404 (Not Found) @ http://localhost:4200/screens/theme_customizer_screen_spec_spec.html?dir=..%2F..%2Fdocs%2Fmoneykitty%2Fdesign%2Fgolden%2F:0
[    1815ms] [ERROR] Failed to load resource: the server responded with a status of 404 (Not Found) @ http://localhost:4200/screens/settings_screen_spec_spec.html?dir=..%2F..%2Fdocs%2Fmoneykitty%2Fdesign%2Fgolden%2F:0
[    1816ms] [ERROR] Failed to load resource: the server responded with a status of 404 (Not Found) @ http://localhost:4200/screens/security_settings_screen_spec_spec.html?dir=..%2F..%2Fdocs%2Fmoneykitty%2Fdesign%2Fgolden%2F:0
[    1816ms] [ERROR] Failed to load resource: the server responded with a status of 404 (Not Found) @ http://localhost:4200/screens/theme_customizer_screen_spec_spec.html?dir=..%2F..%2Fdocs%2Fmoneykitty%2Fdesign%2Fgolden%2F:0
[    1816ms] [ERROR] Failed to load resource: the server responded with a status of 404 (Not Found) @ http://localhost:4200/screens/pin_setup_screen_spec_spec.html?dir=..%2F..%2Fdocs%2Fmoneykitty%2Fdesign%2Fgolden%2F:0
[    1816ms] [ERROR] Failed to load resource: the server responded with a status of 404 (Not Found) @ http://localhost:4200/screens/security_settings_screen_spec_spec.html?dir=..%2F..%2Fdocs%2Fmoneykitty%2Fdesign%2Fgolden%2F:0
[    1817ms] [ERROR] Failed to load resource: the server responded with a status of 404 (Not Found) @ http://localhost:4200/screens/floating_bottom_nav_spec_spec.html?dir=..%2F..%2Fdocs%2Fmoneykitty%2Fdesign%2Fgolden%2F:0
[    1817ms] [ERROR] Failed to load resource: the server responded with a status of 404 (Not Found) @ http://localhost:4200/screens/pin_setup_screen_spec_spec.html?dir=..%2F..%2Fdocs%2Fmoneykitty%2Fdesign%2Fgolden%2F:0
[    1818ms] [ERROR] Failed to load resource: the server responded with a status of 404 (Not Found) @ http://localhost:4200/screens/user_screen_spec_spec.html?dir=..%2F..%2Fdocs%2Fmoneykitty%2Fdesign%2Fgolden%2F:0
[    1818ms] [ERROR] Failed to load resource: the server responded with a status of 404 (Not Found) @ http://localhost:4200/screens/floating_bottom_nav_spec_spec.html?dir=..%2F..%2Fdocs%2Fmoneykitty%2Fdesign%2Fgolden%2F:0
[    1818ms] [ERROR] Failed to load resource: the server responded with a status of 404 (Not Found) @ http://localhost:4200/screens/user_screen_spec_spec.html?dir=..%2F..%2Fdocs%2Fmoneykitty%2Fdesign%2Fgolden%2F:0
