[     304ms] [INFO] %cDownload the React DevTools for a better development experience: https://reactjs.org/link/react-devtools font-weight:bold @ http://localhost:4200/node_modules/.vite/deps/chunk-CMSQVTYY.js?v=8ec620b5:21608
[     341ms] [ERROR] Warning: validateDOMNesting(...): %s cannot appear as a descendant of <%s>.%s <button> button 
    at button
    at button
    at div
    at div
    at aside
    at LeftDrawer (http://localhost:4200/src/components/LeftDrawer.tsx:24:3)
    at div
    at App (http://localhost:4200/src/App.tsx:61:7) @ http://localhost:4200/node_modules/.vite/deps/chunk-CMSQVTYY.js?v=8ec620b5:520
[     391ms] [ERROR] Failed to load resource: the server responded with a status of 404 (Not Found) @ http://localhost:4200/favicon.ico:0
[     539ms] [WARNING] An iframe which has both allow-scripts and allow-same-origin for its sandbox attribute can escape its sandboxing. @ http://localhost:4200/screens/record_screen_spec.html?dir=..%2F..%2Fdocs%2Fmoneykitty%2Fdesign%2Fgolden%2F:0
[     567ms] [ERROR] Failed to load resource: the server responded with a status of 404 (Not Found) @ http://localhost:4200/screens/record_screen_spec_spec.html?dir=..%2F..%2Fdocs%2Fmoneykitty%2Fdesign%2Fgolden%2F:0
[     567ms] [ERROR] Failed to load resource: the server responded with a status of 404 (Not Found) @ http://localhost:4200/screens/record_screen_spec_spec.html?dir=..%2F..%2Fdocs%2Fmoneykitty%2Fdesign%2Fgolden%2F:0
[     568ms] [ERROR] Failed to load resource: the server responded with a status of 404 (Not Found) @ http://localhost:4200/screens/transaction_list_screen_spec_spec.html?dir=..%2F..%2Fdocs%2Fmoneykitty%2Fdesign%2Fgolden%2F:0
[     568ms] [ERROR] Failed to load resource: the server responded with a status of 404 (Not Found) @ http://localhost:4200/screens/transaction_list_screen_spec_spec.html?dir=..%2F..%2Fdocs%2Fmoneykitty%2Fdesign%2Fgolden%2F:0
[     568ms] [ERROR] Failed to load resource: the server responded with a status of 404 (Not Found) @ http://localhost:4200/screens/add_transaction_screen_spec_spec.html?dir=..%2F..%2Fdocs%2Fmoneykitty%2Fdesign%2Fgolden%2F:0
[     569ms] [ERROR] Failed to load resource: the server responded with a status of 404 (Not Found) @ http://localhost:4200/screens/add_transaction_screen_spec_spec.html?dir=..%2F..%2Fdocs%2Fmoneykitty%2Fdesign%2Fgolden%2F:0
[     569ms] [ERROR] Failed to load resource: the server responded with a status of 404 (Not Found) @ http://localhost:4200/screens/wizard_add_transaction_screen_spec_spec.html?dir=..%2F..%2Fdocs%2Fmoneykitty%2Fdesign%2Fgolden%2F:0
[     569ms] [ERROR] Failed to load resource: the server responded with a status of 404 (Not Found) @ http://localhost:4200/screens/wizard_add_transaction_screen_spec_spec.html?dir=..%2F..%2Fdocs%2Fmoneykitty%2Fdesign%2Fgolden%2F:0
[     569ms] [ERROR] Failed to load resource: the server responded with a status of 404 (Not Found) @ http://localhost:4200/screens/bills_screen_spec_spec.html?dir=..%2F..%2Fdocs%2Fmoneykitty%2Fdesign%2Fgolden%2F:0
[     570ms] [ERROR] Failed to load resource: the server responded with a status of 404 (Not Found) @ http://localhost:4200/screens/bills_screen_spec_spec.html?dir=..%2F..%2Fdocs%2Fmoneykitty%2Fdesign%2Fgolden%2F:0
[     570ms] [ERROR] Failed to load resource: the server responded with a status of 404 (Not Found) @ http://localhost:4200/screens/report_screen_spec_spec.html?dir=..%2F..%2Fdocs%2Fmoneykitty%2Fdesign%2Fgolden%2F:0
[     571ms] [ERROR] Failed to load resource: the server responded with a status of 404 (Not Found) @ http://localhost:4200/screens/report_screen_spec_spec.html?dir=..%2F..%2Fdocs%2Fmoneykitty%2Fdesign%2Fgolden%2F:0
[     571ms] [ERROR] Failed to load resource: the server responded with a status of 404 (Not Found) @ http://localhost:4200/screens/assets_screen_spec_spec.html?dir=..%2F..%2Fdocs%2Fmoneykitty%2Fdesign%2Fgolden%2F:0
[     571ms] [ERROR] Failed to load resource: the server responded with a status of 404 (Not Found) @ http://localhost:4200/screens/assets_screen_spec_spec.html?dir=..%2F..%2Fdocs%2Fmoneykitty%2Fdesign%2Fgolden%2F:0
[     571ms] [ERROR] Failed to load resource: the server responded with a status of 404 (Not Found) @ http://localhost:4200/screens/category_manager_screen_spec_spec.html?dir=..%2F..%2Fdocs%2Fmoneykitty%2Fdesign%2Fgolden%2F:0
[     572ms] [ERROR] Failed to load resource: the server responded with a status of 404 (Not Found) @ http://localhost:4200/screens/category_manager_screen_spec_spec.html?dir=..%2F..%2Fdocs%2Fmoneykitty%2Fdesign%2Fgolden%2F:0
[     572ms] [ERROR] Failed to load resource: the server responded with a status of 404 (Not Found) @ http://localhost:4200/screens/add_category_screen_spec_spec.html?dir=..%2F..%2Fdocs%2Fmoneykitty%2Fdesign%2Fgolden%2F:0
[     572ms] [ERROR] Failed to load resource: the server responded with a status of 404 (Not Found) @ http://localhost:4200/screens/add_category_screen_spec_spec.html?dir=..%2F..%2Fdocs%2Fmoneykitty%2Fdesign%2Fgolden%2F:0
[     573ms] [ERROR] Failed to load resource: the server responded with a status of 404 (Not Found) @ http://localhost:4200/screens/pocket_manager_screen_spec_spec.html?dir=..%2F..%2Fdocs%2Fmoneykitty%2Fdesign%2Fgolden%2F:0
[     573ms] [ERROR] Failed to load resource: the server responded with a status of 404 (Not Found) @ http://localhost:4200/screens/pocket_manager_screen_spec_spec.html?dir=..%2F..%2Fdocs%2Fmoneykitty%2Fdesign%2Fgolden%2F:0
[     573ms] [ERROR] Failed to load resource: the server responded with a status of 404 (Not Found) @ http://localhost:4200/screens/add_pocket_screen_spec_spec.html?dir=..%2F..%2Fdocs%2Fmoneykitty%2Fdesign%2Fgolden%2F:0
[     573ms] [ERROR] Failed to load resource: the server responded with a status of 404 (Not Found) @ http://localhost:4200/screens/add_pocket_screen_spec_spec.html?dir=..%2F..%2Fdocs%2Fmoneykitty%2Fdesign%2Fgolden%2F:0
[     575ms] [ERROR] Failed to load resource: the server responded with a status of 404 (Not Found) @ http://localhost:4200/screens/ledger_manager_screen_spec_spec.html?dir=..%2F..%2Fdocs%2Fmoneykitty%2Fdesign%2Fgolden%2F:0
[     575ms] [ERROR] Failed to load resource: the server responded with a status of 404 (Not Found) @ http://localhost:4200/screens/ledger_manager_screen_spec_spec.html?dir=..%2F..%2Fdocs%2Fmoneykitty%2Fdesign%2Fgolden%2F:0
[     575ms] [ERROR] Failed to load resource: the server responded with a status of 404 (Not Found) @ http://localhost:4200/screens/add_ledger_screen_spec_spec.html?dir=..%2F..%2Fdocs%2Fmoneykitty%2Fdesign%2Fgolden%2F:0
[     576ms] [ERROR] Failed to load resource: the server responded with a status of 404 (Not Found) @ http://localhost:4200/screens/add_ledger_screen_spec_spec.html?dir=..%2F..%2Fdocs%2Fmoneykitty%2Fdesign%2Fgolden%2F:0
[     576ms] [ERROR] Failed to load resource: the server responded with a status of 404 (Not Found) @ http://localhost:4200/screens/settings_screen_spec_spec.html?dir=..%2F..%2Fdocs%2Fmoneykitty%2Fdesign%2Fgolden%2F:0
[     576ms] [ERROR] Failed to load resource: the server responded with a status of 404 (Not Found) @ http://localhost:4200/screens/settings_screen_spec_spec.html?dir=..%2F..%2Fdocs%2Fmoneykitty%2Fdesign%2Fgolden%2F:0
[     576ms] [ERROR] Failed to load resource: the server responded with a status of 404 (Not Found) @ http://localhost:4200/screens/theme_customizer_screen_spec_spec.html?dir=..%2F..%2Fdocs%2Fmoneykitty%2Fdesign%2Fgolden%2F:0
[     577ms] [ERROR] Failed to load resource: the server responded with a status of 404 (Not Found) @ http://localhost:4200/screens/theme_customizer_screen_spec_spec.html?dir=..%2F..%2Fdocs%2Fmoneykitty%2Fdesign%2Fgolden%2F:0
[     577ms] [ERROR] Failed to load resource: the server responded with a status of 404 (Not Found) @ http://localhost:4200/screens/security_settings_screen_spec_spec.html?dir=..%2F..%2Fdocs%2Fmoneykitty%2Fdesign%2Fgolden%2F:0
[     577ms] [ERROR] Failed to load resource: the server responded with a status of 404 (Not Found) @ http://localhost:4200/screens/security_settings_screen_spec_spec.html?dir=..%2F..%2Fdocs%2Fmoneykitty%2Fdesign%2Fgolden%2F:0
[     577ms] [ERROR] Failed to load resource: the server responded with a status of 404 (Not Found) @ http://localhost:4200/screens/pin_setup_screen_spec_spec.html?dir=..%2F..%2Fdocs%2Fmoneykitty%2Fdesign%2Fgolden%2F:0
[     578ms] [ERROR] Failed to load resource: the server responded with a status of 404 (Not Found) @ http://localhost:4200/screens/pin_setup_screen_spec_spec.html?dir=..%2F..%2Fdocs%2Fmoneykitty%2Fdesign%2Fgolden%2F:0
[     578ms] [ERROR] Failed to load resource: the server responded with a status of 404 (Not Found) @ http://localhost:4200/screens/floating_bottom_nav_spec_spec.html?dir=..%2F..%2Fdocs%2Fmoneykitty%2Fdesign%2Fgolden%2F:0
[     578ms] [ERROR] Failed to load resource: the server responded with a status of 404 (Not Found) @ http://localhost:4200/screens/floating_bottom_nav_spec_spec.html?dir=..%2F..%2Fdocs%2Fmoneykitty%2Fdesign%2Fgolden%2F:0
[     578ms] [ERROR] Failed to load resource: the server responded with a status of 404 (Not Found) @ http://localhost:4200/screens/user_screen_spec_spec.html?dir=..%2F..%2Fdocs%2Fmoneykitty%2Fdesign%2Fgolden%2F:0
[     579ms] [ERROR] Failed to load resource: the server responded with a status of 404 (Not Found) @ http://localhost:4200/screens/user_screen_spec_spec.html?dir=..%2F..%2Fdocs%2Fmoneykitty%2Fdesign%2Fgolden%2F:0
