[     143ms] [INFO] %cDownload the React DevTools for a better development experience: https://reactjs.org/link/react-devtools font-weight:bold @ http://localhost:4200/node_modules/.vite/deps/chunk-CMSQVTYY.js?v=9c3485ab:21608
[     204ms] [ERROR] Warning: validateDOMNesting(...): %s cannot appear as a descendant of <%s>.%s <button> button 
    at button
    at button
    at div
    at div
    at aside
    at LeftDrawer (http://localhost:4200/src/components/LeftDrawer.tsx:25:3)
    at div
    at App (http://localhost:4200/src/App.tsx:63:7) @ http://localhost:4200/node_modules/.vite/deps/chunk-CMSQVTYY.js?v=9c3485ab:520
[     282ms] [ERROR] Failed to load resource: the server responded with a status of 404 (Not Found) @ http://localhost:4200/favicon.ico:0
[     424ms] [WARNING] An iframe which has both allow-scripts and allow-same-origin for its sandbox attribute can escape its sandboxing. @ http://localhost:4200/screens/record_screen_spec.html?dir=..%2F..%2Fdocs%2Fmoneykitty%2Fdesign%2Fgolden%2F:0
[     455ms] [ERROR] Failed to load resource: the server responded with a status of 404 (Not Found) @ http://localhost:4200/screens/record_screen_spec_spec.html?dir=..%2F..%2Fdocs%2Fmoneykitty%2Fdesign%2Fgolden%2F:0
[     455ms] [ERROR] Failed to load resource: the server responded with a status of 404 (Not Found) @ http://localhost:4200/screens/record_screen_spec_spec.html?dir=..%2F..%2Fdocs%2Fmoneykitty%2Fdesign%2Fgolden%2F:0
[     456ms] [ERROR] Failed to load resource: the server responded with a status of 404 (Not Found) @ http://localhost:4200/screens/transaction_list_screen_spec_spec.html?dir=..%2F..%2Fdocs%2Fmoneykitty%2Fdesign%2Fgolden%2F:0
[     456ms] [ERROR] Failed to load resource: the server responded with a status of 404 (Not Found) @ http://localhost:4200/screens/transaction_list_screen_spec_spec.html?dir=..%2F..%2Fdocs%2Fmoneykitty%2Fdesign%2Fgolden%2F:0
[     457ms] [ERROR] Failed to load resource: the server responded with a status of 404 (Not Found) @ http://localhost:4200/screens/add_transaction_screen_spec_spec.html?dir=..%2F..%2Fdocs%2Fmoneykitty%2Fdesign%2Fgolden%2F:0
[     457ms] [ERROR] Failed to load resource: the server responded with a status of 404 (Not Found) @ http://localhost:4200/screens/add_transaction_screen_spec_spec.html?dir=..%2F..%2Fdocs%2Fmoneykitty%2Fdesign%2Fgolden%2F:0
[     457ms] [ERROR] Failed to load resource: the server responded with a status of 404 (Not Found) @ http://localhost:4200/screens/wizard_add_transaction_screen_spec_spec.html?dir=..%2F..%2Fdocs%2Fmoneykitty%2Fdesign%2Fgolden%2F:0
[     458ms] [ERROR] Failed to load resource: the server responded with a status of 404 (Not Found) @ http://localhost:4200/screens/wizard_add_transaction_screen_spec_spec.html?dir=..%2F..%2Fdocs%2Fmoneykitty%2Fdesign%2Fgolden%2F:0
[     458ms] [ERROR] Failed to load resource: the server responded with a status of 404 (Not Found) @ http://localhost:4200/screens/bills_screen_spec_spec.html?dir=..%2F..%2Fdocs%2Fmoneykitty%2Fdesign%2Fgolden%2F:0
[     459ms] [ERROR] Failed to load resource: the server responded with a status of 404 (Not Found) @ http://localhost:4200/screens/bills_screen_spec_spec.html?dir=..%2F..%2Fdocs%2Fmoneykitty%2Fdesign%2Fgolden%2F:0
[     459ms] [ERROR] Failed to load resource: the server responded with a status of 404 (Not Found) @ http://localhost:4200/screens/report_screen_spec_spec.html?dir=..%2F..%2Fdocs%2Fmoneykitty%2Fdesign%2Fgolden%2F:0
[     459ms] [ERROR] Failed to load resource: the server responded with a status of 404 (Not Found) @ http://localhost:4200/screens/report_screen_spec_spec.html?dir=..%2F..%2Fdocs%2Fmoneykitty%2Fdesign%2Fgolden%2F:0
[     460ms] [ERROR] Failed to load resource: the server responded with a status of 404 (Not Found) @ http://localhost:4200/screens/assets_screen_spec_spec.html?dir=..%2F..%2Fdocs%2Fmoneykitty%2Fdesign%2Fgolden%2F:0
[     460ms] [ERROR] Failed to load resource: the server responded with a status of 404 (Not Found) @ http://localhost:4200/screens/assets_screen_spec_spec.html?dir=..%2F..%2Fdocs%2Fmoneykitty%2Fdesign%2Fgolden%2F:0
[     460ms] [ERROR] Failed to load resource: the server responded with a status of 404 (Not Found) @ http://localhost:4200/screens/category_manager_screen_spec_spec.html?dir=..%2F..%2Fdocs%2Fmoneykitty%2Fdesign%2Fgolden%2F:0
[     461ms] [ERROR] Failed to load resource: the server responded with a status of 404 (Not Found) @ http://localhost:4200/screens/category_manager_screen_spec_spec.html?dir=..%2F..%2Fdocs%2Fmoneykitty%2Fdesign%2Fgolden%2F:0
[     461ms] [ERROR] Failed to load resource: the server responded with a status of 404 (Not Found) @ http://localhost:4200/screens/add_category_screen_spec_spec.html?dir=..%2F..%2Fdocs%2Fmoneykitty%2Fdesign%2Fgolden%2F:0
[     461ms] [ERROR] Failed to load resource: the server responded with a status of 404 (Not Found) @ http://localhost:4200/screens/add_category_screen_spec_spec.html?dir=..%2F..%2Fdocs%2Fmoneykitty%2Fdesign%2Fgolden%2F:0
[     462ms] [ERROR] Failed to load resource: the server responded with a status of 404 (Not Found) @ http://localhost:4200/screens/pocket_manager_screen_spec_spec.html?dir=..%2F..%2Fdocs%2Fmoneykitty%2Fdesign%2Fgolden%2F:0
[     462ms] [ERROR] Failed to load resource: the server responded with a status of 404 (Not Found) @ http://localhost:4200/screens/add_pocket_screen_spec_spec.html?dir=..%2F..%2Fdocs%2Fmoneykitty%2Fdesign%2Fgolden%2F:0
[     462ms] [ERROR] Failed to load resource: the server responded with a status of 404 (Not Found) @ http://localhost:4200/screens/pocket_manager_screen_spec_spec.html?dir=..%2F..%2Fdocs%2Fmoneykitty%2Fdesign%2Fgolden%2F:0
[     463ms] [ERROR] Failed to load resource: the server responded with a status of 404 (Not Found) @ http://localhost:4200/screens/ledger_manager_screen_spec_spec.html?dir=..%2F..%2Fdocs%2Fmoneykitty%2Fdesign%2Fgolden%2F:0
[     463ms] [ERROR] Failed to load resource: the server responded with a status of 404 (Not Found) @ http://localhost:4200/screens/add_pocket_screen_spec_spec.html?dir=..%2F..%2Fdocs%2Fmoneykitty%2Fdesign%2Fgolden%2F:0
[     463ms] [ERROR] Failed to load resource: the server responded with a status of 404 (Not Found) @ http://localhost:4200/screens/add_ledger_screen_spec_spec.html?dir=..%2F..%2Fdocs%2Fmoneykitty%2Fdesign%2Fgolden%2F:0
[     464ms] [ERROR] Failed to load resource: the server responded with a status of 404 (Not Found) @ http://localhost:4200/screens/ledger_manager_screen_spec_spec.html?dir=..%2F..%2Fdocs%2Fmoneykitty%2Fdesign%2Fgolden%2F:0
[     464ms] [ERROR] Failed to load resource: the server responded with a status of 404 (Not Found) @ http://localhost:4200/screens/settings_screen_spec_spec.html?dir=..%2F..%2Fdocs%2Fmoneykitty%2Fdesign%2Fgolden%2F:0
[     464ms] [ERROR] Failed to load resource: the server responded with a status of 404 (Not Found) @ http://localhost:4200/screens/add_ledger_screen_spec_spec.html?dir=..%2F..%2Fdocs%2Fmoneykitty%2Fdesign%2Fgolden%2F:0
[     465ms] [ERROR] Failed to load resource: the server responded with a status of 404 (Not Found) @ http://localhost:4200/screens/theme_customizer_screen_spec_spec.html?dir=..%2F..%2Fdocs%2Fmoneykitty%2Fdesign%2Fgolden%2F:0
[     465ms] [ERROR] Failed to load resource: the server responded with a status of 404 (Not Found) @ http://localhost:4200/screens/settings_screen_spec_spec.html?dir=..%2F..%2Fdocs%2Fmoneykitty%2Fdesign%2Fgolden%2F:0
[     465ms] [ERROR] Failed to load resource: the server responded with a status of 404 (Not Found) @ http://localhost:4200/screens/security_settings_screen_spec_spec.html?dir=..%2F..%2Fdocs%2Fmoneykitty%2Fdesign%2Fgolden%2F:0
[     466ms] [ERROR] Failed to load resource: the server responded with a status of 404 (Not Found) @ http://localhost:4200/screens/theme_customizer_screen_spec_spec.html?dir=..%2F..%2Fdocs%2Fmoneykitty%2Fdesign%2Fgolden%2F:0
[     466ms] [ERROR] Failed to load resource: the server responded with a status of 404 (Not Found) @ http://localhost:4200/screens/pin_setup_screen_spec_spec.html?dir=..%2F..%2Fdocs%2Fmoneykitty%2Fdesign%2Fgolden%2F:0
[     466ms] [ERROR] Failed to load resource: the server responded with a status of 404 (Not Found) @ http://localhost:4200/screens/security_settings_screen_spec_spec.html?dir=..%2F..%2Fdocs%2Fmoneykitty%2Fdesign%2Fgolden%2F:0
[     467ms] [ERROR] Failed to load resource: the server responded with a status of 404 (Not Found) @ http://localhost:4200/screens/floating_bottom_nav_spec_spec.html?dir=..%2F..%2Fdocs%2Fmoneykitty%2Fdesign%2Fgolden%2F:0
[     467ms] [ERROR] Failed to load resource: the server responded with a status of 404 (Not Found) @ http://localhost:4200/screens/user_screen_spec_spec.html?dir=..%2F..%2Fdocs%2Fmoneykitty%2Fdesign%2Fgolden%2F:0
[     468ms] [ERROR] Failed to load resource: the server responded with a status of 404 (Not Found) @ http://localhost:4200/screens/pin_setup_screen_spec_spec.html?dir=..%2F..%2Fdocs%2Fmoneykitty%2Fdesign%2Fgolden%2F:0
[     469ms] [ERROR] Failed to load resource: the server responded with a status of 404 (Not Found) @ http://localhost:4200/screens/floating_bottom_nav_spec_spec.html?dir=..%2F..%2Fdocs%2Fmoneykitty%2Fdesign%2Fgolden%2F:0
[     469ms] [ERROR] Failed to load resource: the server responded with a status of 404 (Not Found) @ http://localhost:4200/screens/user_screen_spec_spec.html?dir=..%2F..%2Fdocs%2Fmoneykitty%2Fdesign%2Fgolden%2F:0
